<?xml version="1.0" encoding="UTF-8"?>
<!-- Generated by org.testng.reporters.JUnitXMLReporter -->
<testsuite hostname="DT-IBE573" name="Allow Editing Certain Fields for CW training items in LS Interface " tests="1" failures="0" timestamp="19 Jul 2017 13:02:14 GMT" time="51.973" errors="0">
  <testcase name="loginAdminUser" time="48.896" classname="com.pom.application.testscripts.Tc276AllowEditingOfCertainFields"/>
</testsuite> <!-- Allow Editing Certain Fields for CW training items in LS Interface  -->
