<?xml version="1.0" encoding="UTF-8"?>
<!-- Generated by org.testng.reporters.JUnitXMLReporter -->
<testsuite hostname="DT-IBE573" name="Use Case TC264: User will be able to see custom messages displayed for all classes available for registration or waitlist " tests="10" failures="0" timestamp="11 Aug 2017 08:49:38 GMT" time="176.842" errors="0">
  <testcase name="loginLearnerUser1" time="37.9" classname="com.pom.application.testscripts.TC264AvailableClassesCustommessageVerbiageTest"/>
  <testcase name="accessLearningPlan1" time="11.125" classname="com.pom.application.testscripts.TC264AvailableClassesCustommessageVerbiageTest"/>
  <testcase name="clickILCWithClasses1" time="9.541" classname="com.pom.application.testscripts.TC264AvailableClassesCustommessageVerbiageTest"/>
  <testcase name="verifyCustomMessages1" time="7.218" classname="com.pom.application.testscripts.TC264AvailableClassesCustommessageVerbiageTest"/>
  <testcase name="user1Logout" time="8.29" classname="com.pom.application.testscripts.TC264AvailableClassesCustommessageVerbiageTest"/>
  <testcase name="loginLearnerUser2" time="40.994" classname="com.pom.application.testscripts.TC264AvailableClassesCustommessageVerbiageTest"/>
  <testcase name="accessLearningPlan2" time="11.978" classname="com.pom.application.testscripts.TC264AvailableClassesCustommessageVerbiageTest"/>
  <testcase name="clickILCWithClasses2" time="7.68" classname="com.pom.application.testscripts.TC264AvailableClassesCustommessageVerbiageTest"/>
  <testcase name="verifyCustomMessages2" time="7.381" classname="com.pom.application.testscripts.TC264AvailableClassesCustommessageVerbiageTest"/>
  <testcase name="user2Logout" time="6.728" classname="com.pom.application.testscripts.TC264AvailableClassesCustommessageVerbiageTest"/>
</testsuite> <!-- Use Case TC264: User will be able to see custom messages displayed for all classes available for registration or waitlist  -->
