<?xml version="1.0" encoding="UTF-8"?>
<!-- Generated by org.testng.reporters.JUnitXMLReporter -->
<testsuite hostname="DT-IBE573" name="Use Case TC200: User will be able to launch training item in any of the available languages" tests="14" failures="0" timestamp="11 Aug 2017 08:24:12 GMT" time="437.807" errors="0">
  <testcase name="loginLearnerUser1" time="34.198" classname="com.pom.application.testscripts.TC200LaunchTIWithMultiLangTest"/>
  <testcase name="accessLearningPlan1" time="11.226" classname="com.pom.application.testscripts.TC200LaunchTIWithMultiLangTest"/>
  <testcase name="clickCDMultiLang1" time="7.359" classname="com.pom.application.testscripts.TC200LaunchTIWithMultiLangTest"/>
  <testcase name="verifyCDAdditonalLanglaunch1" time="73.969" classname="com.pom.application.testscripts.TC200LaunchTIWithMultiLangTest"/>
  <testcase name="clickFormMultiLang1" time="17.458" classname="com.pom.application.testscripts.TC200LaunchTIWithMultiLangTest"/>
  <testcase name="verifyFormAdditonalLanglaunch1" time="51.942" classname="com.pom.application.testscripts.TC200LaunchTIWithMultiLangTest"/>
  <testcase name="user1Logout" time="7.846" classname="com.pom.application.testscripts.TC200LaunchTIWithMultiLangTest"/>
  <testcase name="loginLearnerUser2" time="51.588" classname="com.pom.application.testscripts.TC200LaunchTIWithMultiLangTest"/>
  <testcase name="accessLearningPlan2" time="11.457" classname="com.pom.application.testscripts.TC200LaunchTIWithMultiLangTest"/>
  <testcase name="clickCDMultiLang2" time="8.573" classname="com.pom.application.testscripts.TC200LaunchTIWithMultiLangTest"/>
  <testcase name="verifyCDAdditonalLanglaunch2" time="37.145" classname="com.pom.application.testscripts.TC200LaunchTIWithMultiLangTest"/>
  <testcase name="clickFormMultiLang2" time="22.013" classname="com.pom.application.testscripts.TC200LaunchTIWithMultiLangTest"/>
  <testcase name="verifyFormAdditonalLanglaunch2" time="51.385" classname="com.pom.application.testscripts.TC200LaunchTIWithMultiLangTest"/>
  <testcase name="user2Logout" time="10.987" classname="com.pom.application.testscripts.TC200LaunchTIWithMultiLangTest"/>
</testsuite> <!-- Use Case TC200: User will be able to launch training item in any of the available languages -->
