<?xml version="1.0" encoding="UTF-8"?>
<!-- Generated by org.testng.reporters.JUnitXMLReporter -->
<testsuite hostname="DT-IBE573" name="Use Case 268: Training type will be displayed in Assignment Detail Screen" tests="5" failures="0" timestamp="11 Aug 2017 08:46:41 GMT" time="98.437" errors="0">
  <testcase name="loginUser" time="34.519" classname="com.pom.application.testscripts.TC268TrainingTypeDisplayedInAsmtDtlScreen"/>
  <testcase name="clickMylearningTodo" time="11.48" classname="com.pom.application.testscripts.TC268TrainingTypeDisplayedInAsmtDtlScreen"/>
  <testcase name="clickOnCourseName" time="5.486" classname="com.pom.application.testscripts.TC268TrainingTypeDisplayedInAsmtDtlScreen"/>
  <testcase name="VerifySystemTrainingType" time="14.824" classname="com.pom.application.testscripts.TC268TrainingTypeDisplayedInAsmtDtlScreen"/>
  <testcase name="VerifyUserDefinedTrainingType" time="17.947" classname="com.pom.application.testscripts.TC268TrainingTypeDisplayedInAsmtDtlScreen"/>
</testsuite> <!-- Use Case 268: Training type will be displayed in Assignment Detail Screen -->
