<?xml version="1.0" encoding="UTF-8"?>
<!-- Generated by org.testng.reporters.JUnitXMLReporter -->
<testsuite hostname="DT-IBE573" name="Use Case 241:Sort completions including Numeric Score in LS Learning History" tests="6" failures="0" timestamp="11 Aug 2017 08:34:21 GMT" time="218.7" errors="0">
  <testcase name="loginAdminUser" time="35.031" classname="com.pom.application.testscripts.TC241SortNumericLsLearningHistoryTest"/>
  <testcase name="selectDateTimeFormat" time="42.229" classname="com.pom.application.testscripts.TC241SortNumericLsLearningHistoryTest"/>
  <testcase name="clickOnLearnHistory" time="8.304" classname="com.pom.application.testscripts.TC241SortNumericLsLearningHistoryTest"/>
  <testcase name="verifyingLearnHistoryTable" time="37.617" classname="com.pom.application.testscripts.TC241SortNumericLsLearningHistoryTest"/>
  <testcase name="verifyingLearnHistoryAfterDateUpdate" time="68.354" classname="com.pom.application.testscripts.TC241SortNumericLsLearningHistoryTest"/>
  <testcase name="logout" time="10.292" classname="com.pom.application.testscripts.TC241SortNumericLsLearningHistoryTest"/>
</testsuite> <!-- Use Case 241:Sort completions including Numeric Score in LS Learning History -->
