<?xml version="1.0" encoding="UTF-8"?>
<!-- Generated by org.testng.reporters.JUnitXMLReporter -->
<testsuite hostname="DT-IBE573" name="Use Case TC202: ILC training item assignment will be removed from LS To-Do once the user is withdrawn from the ILC Class" tests="28" failures="1" timestamp="11 Aug 2017 07:59:01 GMT" time="602.125" errors="0">
  <testcase name="loginAdminUser" time="36.512" classname="com.pom.application.testscripts.TC202IlcTrainingItemRemovel"/>
  <testcase name="selectMyComplianceMenu" time="15.906" classname="com.pom.application.testscripts.TC202IlcTrainingItemRemovel"/>
  <testcase name="selectTraining" time="12.472" classname="com.pom.application.testscripts.TC202IlcTrainingItemRemovel"/>
  <testcase name="searchTrainingCode" time="4.145" classname="com.pom.application.testscripts.TC202IlcTrainingItemRemovel"/>
  <testcase name="clickClasses" time="4.684" classname="com.pom.application.testscripts.TC202IlcTrainingItemRemovel"/>
  <testcase name="addNewClasses" time="13.354" classname="com.pom.application.testscripts.TC202IlcTrainingItemRemovel"/>
  <testcase name="addUserRoser" time="17.64" classname="com.pom.application.testscripts.TC202IlcTrainingItemRemovel"/>
  <testcase name="loginPage" time="33.208" classname="com.pom.application.testscripts.TC202IlcTrainingItemRemovel"/>
  <testcase name="myLearningTab" time="3.111" classname="com.pom.application.testscripts.TC202IlcTrainingItemRemovel"/>
  <testcase name="selectToDoOption" time="11.644" classname="com.pom.application.testscripts.TC202IlcTrainingItemRemovel"/>
  <testcase name="selectTrainingTitle" time="5.727" classname="com.pom.application.testscripts.TC202IlcTrainingItemRemovel"/>
  <testcase name="logout" time="9.804" classname="com.pom.application.testscripts.TC202IlcTrainingItemRemovel"/>
  <testcase name="loginAdmin" time="34.02" classname="com.pom.application.testscripts.TC202IlcTrainingItemRemovel"/>
  <testcase name="myComplianceMenu" time="15.935" classname="com.pom.application.testscripts.TC202IlcTrainingItemRemovel"/>
  <testcase name="selectTrainingOption" time="11.833" classname="com.pom.application.testscripts.TC202IlcTrainingItemRemovel"/>
  <testcase name="searchTrainingItem" time="3.111" classname="com.pom.application.testscripts.TC202IlcTrainingItemRemovel"/>
  <testcase name="clickClassesLink" time="5.745" classname="com.pom.application.testscripts.TC202IlcTrainingItemRemovel"/>
  <testcase name="selectClassesCode" time="4.642" classname="com.pom.application.testscripts.TC202IlcTrainingItemRemovel"/>
  <testcase name="viewRosterInfo" time="113.245" classname="com.pom.application.testscripts.TC202IlcTrainingItemRemovel">
    <failure type="java.lang.AssertionError" message="Unable to find element By.xpath: //a[contains(text(),&amp;apos;Update Completion&amp;apos;)] org.openqa.selenium.TimeoutException: Expected condition failed: waiting for visibility of element located by By.xpath: //a[contains(text(),&amp;apos;Update Completion&amp;apos;)] (tried for 100 second(s) with 500 MILLISECONDS interval)
Build info: version: &amp;apos;unknown&amp;apos;, revision: &amp;apos;c7b525d&amp;apos;, time: &amp;apos;2016-09-01 14:57:44 -0700&amp;apos;
System info: host: &amp;apos;DT-IBE573&amp;apos;, ip: &amp;apos;10.13.58.22&amp;apos;, os.name: &amp;apos;Windows 7&amp;apos;, os.arch: &amp;apos;amd64&amp;apos;, os.version: &amp;apos;6.1&amp;apos;, java.version: &amp;apos;1.8.0_121&amp;apos;
Driver info: org.openqa.selenium.support.events.EventFiringWebDriver expected [true] but found [false]">
      <![CDATA[java.lang.AssertionError: Unable to find element By.xpath: //a[contains(text(),'Update Completion')] org.openqa.selenium.TimeoutException: Expected condition failed: waiting for visibility of element located by By.xpath: //a[contains(text(),'Update Completion')] (tried for 100 second(s) with 500 MILLISECONDS interval)
Build info: version: 'unknown', revision: 'c7b525d', time: '2016-09-01 14:57:44 -0700'
System info: host: 'DT-IBE573', ip: '10.13.58.22', os.name: 'Windows 7', os.arch: 'amd64', os.version: '6.1', java.version: '1.8.0_121'
Driver info: org.openqa.selenium.support.events.EventFiringWebDriver expected [true] but found [false]
	at com.mindteck.pom.drivers.Element.Click(Element.java:302)
	at com.pom.application.testlibrary.RosterPage.selectUpdateComp(RosterPage.java:64)
	at com.pom.application.testscripts.TC202IlcTrainingItemRemovel.viewRosterInfo(TC202IlcTrainingItemRemovel.java:259)
... Removed 27 stack frames]]>
    </failure>
  </testcase> <!-- viewRosterInfo -->
  <testcase name="loginLearner" time="34.047" classname="com.pom.application.testscripts.TC202IlcTrainingItemRemovel"/>
  <testcase name="verifyTrainingKnowledge" time="18.568" classname="com.pom.application.testscripts.TC202IlcTrainingItemRemovel"/>
  <testcase name="verifyTrainingLearning" time="24.443" classname="com.pom.application.testscripts.TC202IlcTrainingItemRemovel"/>
  <testcase name="loginAsAdmin" time="33.567" classname="com.pom.application.testscripts.TC202IlcTrainingItemRemovel"/>
  <testcase name="selectMyCompliance" time="15.643" classname="com.pom.application.testscripts.TC202IlcTrainingItemRemovel"/>
  <testcase name="trainingButton" time="12.216" classname="com.pom.application.testscripts.TC202IlcTrainingItemRemovel"/>
  <testcase name="searchTraining" time="5.976" classname="com.pom.application.testscripts.TC202IlcTrainingItemRemovel"/>
  <testcase name="clickClassLink" time="4.666" classname="com.pom.application.testscripts.TC202IlcTrainingItemRemovel"/>
  <testcase name="removeClasses" time="16.486" classname="com.pom.application.testscripts.TC202IlcTrainingItemRemovel"/>
</testsuite> <!-- Use Case TC202: ILC training item assignment will be removed from LS To-Do once the user is withdrawn from the ILC Class -->
