<?xml version="1.0" encoding="UTF-8"?>
<!-- Generated by org.testng.reporters.JUnitXMLReporter -->
<testsuite hostname="DT-IBE573" name="Use Case 234: Sort completions in LS Learning History" tests="6" failures="0" timestamp="11 Aug 2017 08:30:42 GMT" time="298.563" errors="0">
  <testcase name="loginAdminUser" time="45.165" classname="com.pom.application.testscripts.TC234SortCompLsLearningHistoryTest"/>
  <testcase name="selectDateTimeFormat" time="45.802" classname="com.pom.application.testscripts.TC234SortCompLsLearningHistoryTest"/>
  <testcase name="clickOnLearnHistory" time="8.121" classname="com.pom.application.testscripts.TC234SortCompLsLearningHistoryTest"/>
  <testcase name="verifyingLearnHistoryTable" time="35.692" classname="com.pom.application.testscripts.TC234SortCompLsLearningHistoryTest"/>
  <testcase name="verifyingLearnHistoryTable1" time="64.515" classname="com.pom.application.testscripts.TC234SortCompLsLearningHistoryTest"/>
  <testcase name="verifyingLearnHistoryTable2" time="82.438" classname="com.pom.application.testscripts.TC234SortCompLsLearningHistoryTest"/>
</testsuite> <!-- Use Case 234: Sort completions in LS Learning History -->
