<?xml version="1.0" encoding="UTF-8"?>
<!-- Generated by org.testng.reporters.JUnitXMLReporter -->
<testsuite hostname="DT-IBE573" name="Use Case 214: Sort training items in To Do list" tests="11" failures="0" timestamp="11 Aug 2017 08:08:22 GMT" time="283.918" errors="0">
  <testcase name="loginAdminUser" time="35.119" classname="com.pom.application.testscripts.TC214SortTrainingItemsToDoTest"/>
  <testcase name="selectDateTimeFormat" time="39.864" classname="com.pom.application.testscripts.TC214SortTrainingItemsToDoTest"/>
  <testcase name="selectLsToDo" time="27.026" classname="com.pom.application.testscripts.TC214SortTrainingItemsToDoTest"/>
  <testcase name="selectHome" time="4.327" classname="com.pom.application.testscripts.TC214SortTrainingItemsToDoTest"/>
  <testcase name="selectLsToDoList" time="25.897" classname="com.pom.application.testscripts.TC214SortTrainingItemsToDoTest"/>
  <testcase name="updateDateTimeLs" time="20.775" classname="com.pom.application.testscripts.TC214SortTrainingItemsToDoTest"/>
  <testcase name="navigateToDoLs" time="9.203" classname="com.pom.application.testscripts.TC214SortTrainingItemsToDoTest"/>
  <testcase name="goToLSToDo" time="26.365" classname="com.pom.application.testscripts.TC214SortTrainingItemsToDoTest"/>
  <testcase name="selectDate" time="18.854" classname="com.pom.application.testscripts.TC214SortTrainingItemsToDoTest"/>
  <testcase name="gotoToDoLs" time="35.561" classname="com.pom.application.testscripts.TC214SortTrainingItemsToDoTest"/>
  <testcase name="logoutApp" time="10.009" classname="com.pom.application.testscripts.TC214SortTrainingItemsToDoTest"/>
</testsuite> <!-- Use Case 214: Sort training items in To Do list -->
