<?xml version="1.0" encoding="UTF-8"?>
<!-- Generated by org.testng.reporters.JUnitXMLReporter -->
<testsuite hostname="DT-IBE573" name="Use Case 211: Curricula details will be dispayed in Assignment detail screen" tests="6" failures="0" timestamp="11 Aug 2017 08:11:41 GMT" time="198.897" errors="0">
  <testcase name="loginUser" time="36.149" classname="com.pom.application.testscripts.TC211CurrDisplayedAsmtDetailScrnTest"/>
  <testcase name="selectMyComplianceMenu" time="20.798" classname="com.pom.application.testscripts.TC211CurrDisplayedAsmtDetailScrnTest"/>
  <testcase name="GenerateAssignmentReport" time="35.449" classname="com.pom.application.testscripts.TC211CurrDisplayedAsmtDetailScrnTest"/>
  <testcase name="GenerateTrainingReport" time="33.766" classname="com.pom.application.testscripts.TC211CurrDisplayedAsmtDetailScrnTest"/>
  <testcase name="VerifyCurriculumContent" time="11.354" classname="com.pom.application.testscripts.TC211CurrDisplayedAsmtDetailScrnTest"/>
  <testcase name="clickOnCourseName" time="44.419" classname="com.pom.application.testscripts.TC211CurrDisplayedAsmtDetailScrnTest"/>
</testsuite> <!-- Use Case 211: Curricula details will be dispayed in Assignment detail screen -->
