<?xml version="1.0" encoding="UTF-8"?>
<!-- Generated by org.testng.reporters.JUnitXMLReporter -->
<testsuite hostname="DT-IBE573" name="Use Case TC263: To-Do List Filter training items by curriculum " tests="3" failures="0" timestamp="11 Aug 2017 08:53:24 GMT" time="226.146" errors="0">
  <testcase name="loginAdminUser" time="38.828" classname="com.pom.application.testscripts.TC263FilterTrainingItemsByCurriculumTest"/>
  <testcase name="assignedCurriculumUser" time="76.255" classname="com.pom.application.testscripts.TC263FilterTrainingItemsByCurriculumTest"/>
  <testcase name="verifyFilterCurriculum" time="102.624" classname="com.pom.application.testscripts.TC263FilterTrainingItemsByCurriculumTest"/>
</testsuite> <!-- Use Case TC263: To-Do List Filter training items by curriculum  -->
